-- Install configuration: ""
-- Up-to-date: /home/sourcelinux/ros_parol/src/install/parol6/share/parol6/urdf
-- Up-to-date: /home/sourcelinux/ros_parol/src/install/parol6/share/parol6/urdf/parol6.csv
-- Up-to-date: /home/sourcelinux/ros_parol/src/install/parol6/share/parol6/urdf/PAROL6 (copy).urdf
-- Installing: /home/sourcelinux/ros_parol/src/install/parol6/share/parol6/urdf/parol6.urdf
-- Up-to-date: /home/sourcelinux/ros_parol/src/install/parol6/share/parol6/launch
-- Up-to-date: /home/sourcelinux/ros_parol/src/install/parol6/share/parol6/launch/gazebo.launch
-- Up-to-date: /home/sourcelinux/ros_parol/src/install/parol6/share/parol6/launch/display.launch
-- Up-to-date: /home/sourcelinux/ros_parol/src/install/parol6/share/parol6/meshes
-- Up-to-date: /home/sourcelinux/ros_parol/src/install/parol6/share/parol6/meshes/L3.STL
-- Up-to-date: /home/sourcelinux/ros_parol/src/install/parol6/share/parol6/meshes/base_link.STL
-- Up-to-date: /home/sourcelinux/ros_parol/src/install/parol6/share/parol6/meshes/L2.STL
-- Up-to-date: /home/sourcelinux/ros_parol/src/install/parol6/share/parol6/meshes/L4.STL
-- Up-to-date: /home/sourcelinux/ros_parol/src/install/parol6/share/parol6/meshes/L1.STL
-- Up-to-date: /home/sourcelinux/ros_parol/src/install/parol6/share/parol6/meshes/L6.STL
-- Up-to-date: /home/sourcelinux/ros_parol/src/install/parol6/share/parol6/meshes/L5.STL
-- Up-to-date: /home/sourcelinux/ros_parol/src/install/parol6/share/ament_index/resource_index/package_run_dependencies/parol6
-- Up-to-date: /home/sourcelinux/ros_parol/src/install/parol6/share/ament_index/resource_index/parent_prefix_path/parol6
-- Up-to-date: /home/sourcelinux/ros_parol/src/install/parol6/share/parol6/environment/ament_prefix_path.sh
-- Up-to-date: /home/sourcelinux/ros_parol/src/install/parol6/share/parol6/environment/ament_prefix_path.dsv
-- Up-to-date: /home/sourcelinux/ros_parol/src/install/parol6/share/parol6/environment/path.sh
-- Up-to-date: /home/sourcelinux/ros_parol/src/install/parol6/share/parol6/environment/path.dsv
-- Up-to-date: /home/sourcelinux/ros_parol/src/install/parol6/share/parol6/local_setup.bash
-- Up-to-date: /home/sourcelinux/ros_parol/src/install/parol6/share/parol6/local_setup.sh
-- Up-to-date: /home/sourcelinux/ros_parol/src/install/parol6/share/parol6/local_setup.zsh
-- Up-to-date: /home/sourcelinux/ros_parol/src/install/parol6/share/parol6/local_setup.dsv
-- Up-to-date: /home/sourcelinux/ros_parol/src/install/parol6/share/parol6/package.dsv
-- Up-to-date: /home/sourcelinux/ros_parol/src/install/parol6/share/ament_index/resource_index/packages/parol6
-- Up-to-date: /home/sourcelinux/ros_parol/src/install/parol6/share/parol6/cmake/parol6Config.cmake
-- Up-to-date: /home/sourcelinux/ros_parol/src/install/parol6/share/parol6/cmake/parol6Config-version.cmake
-- Up-to-date: /home/sourcelinux/ros_parol/src/install/parol6/share/parol6/package.xml
